script v.3
1) move
2) turncorpus
3) turnturret
4) turngun
5) fire1
6) fire2
7) mylives
8) bullets
9) rockets
10) typegame
11) howmanybots
12) damageyaw
13) frend
14) enemy
15) bulletbonus
16) rocketbonus
17) repairbonus
18) obstacle
19) obsangle
20) corpusx
21) corpusy
22) corpusz
23) corpuspitch
24) corpusyaw
25) corpusroll
26) turretyaw
27) gunpitch
28) collided
29) collidedobstacle
30) radar
31) turret
32) gun
33) corpus
34) center
35) pivot
36) a
model = hammer
name = funny
------------------------------------
no?iea [eia] iiaiiieea
------------------------------------
[0001] [003] push number 0.0
[0003] [001] pop var A
------------------------------------
