script v.3
1) move
2) turncorpus
3) turnturret
4) turngun
5) fire1
6) fire2
7) mylives
8) bullets
9) rockets
10) typegame
11) howmanybots
12) damageyaw
13) frend
14) enemy
15) bulletbonus
16) rocketbonus
17) repairbonus
18) obstacle
19) obsangle
20) corpusx
21) corpusy
22) corpusz
23) corpuspitch
24) corpusyaw
25) corpusroll
26) turretyaw
27) gunpitch
28) collided
29) collidedobstacle
30) radar
31) turret
32) gun
33) corpus
34) center
35) pivot
36) fff
37) i
38) bul_b
39) roc_b
40) rep_b
41) gbul
42) target
43) dist_t
44) visibl
45) ppr
46) turn_c
47) oba
48) turn_b1
49) turn_b2
model = Car
name = gnum
------------------------------------
no?iea [eia] iiaiiieea
------------------------------------
[0001] [003] push number 2.0
[0003] [036] ~
[0004] [003] push number 2.0
[0006] [015] -
[0007] [019] MIN
[0008] [001] pop var FFF
[0010] [002] push var I
[0012] [003] push number 20.0
[0014] [014] +
[0015] [001] pop var I
[0017] [002] push var I
[0019] [003] push number 360.0
[0021] [009] >
[0022] [004] If (false goto line N 27)
[0024] [003] push number 0.0
[0026] [001] pop var I
[0028] [002] push var I
[0030] [100] SCANRADAR
[0031] [002] push var BULLETBONUS
[0033] [003] push number 0.0
[0035] [011] <>
[0036] [004] If (false goto line N 48)
[0038] [002] push var BUL_B
[0040] [003] push number 0.0
[0042] [010] =
[0043] [004] If (false goto line N 48)
[0045] [002] push var BULLETBONUS
[0047] [001] pop var BUL_B
[0049] [002] push var ROCKETBONUS
[0051] [003] push number 0.0
[0053] [011] <>
[0054] [004] If (false goto line N 66)
[0056] [002] push var ROC_B
[0058] [003] push number 0.0
[0060] [010] =
[0061] [004] If (false goto line N 66)
[0063] [002] push var ROCKETBONUS
[0065] [001] pop var ROC_B
[0067] [002] push var REPAIRBONUS
[0069] [003] push number 0.0
[0071] [011] <>
[0072] [004] If (false goto line N 84)
[0074] [002] push var REP_B
[0076] [003] push number 0.0
[0078] [010] =
[0079] [004] If (false goto line N 84)
[0081] [002] push var REPAIRBONUS
[0083] [001] pop var REP_B
[0085] [003] push number 0.0
[0087] [001] pop var GBUL
[0089] [002] push var BULLETS
[0091] [003] push number 20.0
[0093] [008] <
[0094] [004] If (false goto line N 113)
[0096] [002] push var BUL_B
[0098] [003] push number 0.0
[0100] [011] <>
[0101] [004] If (false goto line N 113)
[0103] [002] push var CORPUS
[0105] [002] push var BUL_B
[0107] [109] DELTAYAW
[0108] [001] pop var TURNCORPUS
[0110] [003] push number 1.0
[0112] [001] pop var GBUL
[0114] [002] push var ROCKETS
[0116] [003] push number 0.0
[0118] [010] =
[0119] [004] If (false goto line N 134)
[0121] [002] push var ROC_B
[0123] [003] push number 0.0
[0125] [011] <>
[0126] [004] If (false goto line N 134)
[0128] [002] push var CORPUS
[0130] [002] push var ROC_B
[0132] [109] DELTAYAW
[0133] [001] pop var TURNCORPUS
[0135] [002] push var MYLIVES
[0137] [003] push number 8.0
[0139] [008] <
[0140] [004] If (false goto line N 155)
[0142] [002] push var REP_B
[0144] [003] push number 0.0
[0146] [011] <>
[0147] [004] If (false goto line N 155)
[0149] [002] push var CORPUS
[0151] [002] push var REP_B
[0153] [109] DELTAYAW
[0154] [001] pop var TURNCORPUS
[0156] [002] push var ENEMY
[0158] [003] push number 0.0
[0160] [011] <>
[0161] [004] If (false goto line N 196)
[0163] [002] push var TARGET
[0165] [003] push number 0.0
[0167] [010] =
[0168] [004] If (false goto line N 175)
[0170] [002] push var ENEMY
[0172] [001] pop var TARGET
[0174] [005] goto line N 196
[0176] [002] push var CORPUS
[0178] [002] push var TARGET
[0180] [108] ENTITYDISTANCE
[0181] [001] pop var DIST_T
[0183] [002] push var DIST_T
[0185] [002] push var CORPUS
[0187] [002] push var ENEMY
[0189] [108] ENTITYDISTANCE
[0190] [009] >
[0191] [004] If (false goto line N 196)
[0193] [002] push var ENEMY
[0195] [001] pop var TARGET
[0197] [002] push var TARGET
[0199] [003] push number 0.0
[0201] [011] <>
[0202] [002] push var BULLETS
[0204] [003] push number 0.0
[0206] [009] >
[0207] [002] push var ROCKETS
[0209] [003] push number 0.0
[0211] [009] >
[0212] [025] OR
[0213] [024] AND
[0214] [004] If (false goto line N 348)
[0216] [002] push var CORPUS
[0218] [002] push var TARGET
[0220] [108] ENTITYDISTANCE
[0221] [001] pop var DIST_T
[0223] [002] push var TARGET
[0225] [126] ENTITYVISIBLE
[0226] [001] pop var VISIBL
[0228] [002] push var DIST_T
[0230] [003] push number 1000.0
[0232] [008] <
[0233] [002] push var VISIBL
[0235] [003] push number 1.0
[0237] [010] =
[0238] [024] AND
[0239] [004] If (false goto line N 252)
[0241] [002] push var CORPUS
[0243] [002] push var TARGET
[0245] [109] DELTAYAW
[0246] [003] push number 90.0
[0248] [014] +
[0249] [001] pop var TURNCORPUS
[0251] [005] goto line N 259
[0253] [002] push var CORPUS
[0255] [002] push var TARGET
[0257] [109] DELTAYAW
[0258] [001] pop var TURNCORPUS
[0260] [002] push var DIST_T
[0262] [003] push number 800.0
[0264] [017] /
[0265] [001] pop var PPR
[0267] [002] push var TURRET
[0269] [002] push var TARGET
[0271] [109] DELTAYAW
[0272] [001] pop var TURNTURRET
[0274] [002] push var TURNTURRET
[0276] [030] ABS
[0277] [003] push number 10.0
[0279] [008] <
[0280] [004] If (false goto line N 316)
[0282] [002] push var GUN
[0284] [002] push var TARGET
[0286] [110] DELTAPITCH
[0287] [002] push var PPR
[0289] [015] -
[0290] [001] pop var TURNGUN
[0292] [002] push var TURNGUN
[0294] [030] ABS
[0295] [003] push number 2.0
[0297] [008] <
[0298] [004] If (false goto line N 316)
[0300] [002] push var DIST_T
[0302] [003] push number 1500.0
[0304] [008] <
[0305] [002] push var VISIBL
[0307] [003] push number 1.0
[0309] [010] =
[0310] [024] AND
[0311] [004] If (false goto line N 316)
[0313] [003] push number 1.0
[0315] [001] pop var FIRE1
[0317] [002] push var ROCKETS
[0319] [003] push number 0.0
[0321] [009] >
[0322] [004] If (false goto line N 337)
[0324] [002] push var DIST_T
[0326] [003] push number 500.0
[0328] [009] >
[0329] [004] If (false goto line N 337)
[0331] [002] push var CORPUS
[0333] [002] push var TARGET
[0335] [109] DELTAYAW
[0336] [001] pop var TURNCORPUS
[0338] [002] push var DIST_T
[0340] [003] push number 600.0
[0342] [008] <
[0343] [004] If (false goto line N 348)
[0345] [003] push number 1.0
[0347] [001] pop var FIRE2
[0349] [002] push var CORPUSYAW
[0351] [100] SCANRADAR
[0352] [002] push var OBSTACLE
[0354] [003] push number 0.0
[0356] [009] >
[0357] [002] push var OBSTACLE
[0359] [003] push number 400.0
[0361] [008] <
[0362] [024] AND
[0363] [004] If (false goto line N 372)
[0365] [003] push number 20.0
[0367] [001] pop var TURN_C
[0369] [002] push var OBSANGLE
[0371] [001] pop var OBA
[0373] [002] push var TURN_C
[0375] [003] push number 0.0
[0377] [009] >
[0378] [004] If (false goto line N 390)
[0380] [002] push var TURN_C
[0382] [003] push number 1.0
[0384] [015] -
[0385] [001] pop var TURN_C
[0387] [002] push var OBA
[0389] [001] pop var TURNCORPUS
[0391] [003] push number 1.0
[0393] [001] pop var MOVE
[0395] [002] push var COLLIDEDOBSTACLE
[0397] [003] push number 0.0
[0399] [011] <>
[0400] [004] If (false goto line N 418)
[0402] [002] push var TURN_B1
[0404] [003] push number 0.0
[0406] [010] =
[0407] [002] push var TURN_B2
[0409] [003] push number 0.0
[0411] [010] =
[0412] [024] AND
[0413] [004] If (false goto line N 418)
[0415] [003] push number 30.0
[0417] [001] pop var TURN_B1
[0419] [002] push var TURN_B1
[0421] [003] push number 0.0
[0423] [009] >
[0424] [004] If (false goto line N 460)
[0426] [002] push var TURN_B1
[0428] [003] push number 1.0
[0430] [015] -
[0431] [001] pop var TURN_B1
[0433] [002] push var TURN_B1
[0435] [003] push number 0.0
[0437] [010] =
[0438] [004] If (false goto line N 443)
[0440] [003] push number 50.0
[0442] [001] pop var TURN_B2
[0444] [003] push number 1.0
[0446] [036] ~
[0447] [001] pop var MOVE
[0449] [002] push var TURN_B1
[0451] [003] push number 30.0
[0453] [008] <
[0454] [004] If (false goto line N 460)
[0456] [003] push number 1.0
[0458] [036] ~
[0459] [001] pop var TURNCORPUS
[0461] [002] push var TURN_B2
[0463] [003] push number 0.0
[0465] [009] >
[0466] [004] If (false goto line N 482)
[0468] [002] push var TURN_B2
[0470] [003] push number 1.0
[0472] [015] -
[0473] [001] pop var TURN_B2
[0475] [003] push number 1.0
[0477] [001] pop var MOVE
[0479] [003] push number 1.0
[0481] [001] pop var TURNCORPUS
------------------------------------
